2019-04-03 11:59:48.386  INFO 4988 --- [restartedMain] packages.Application                     : Starting Application on eduroam-121-8.nomadic.bris.ac.uk with PID 4988 (/Users/yashagarwal/Code/66-Days/target/classes started by yashagarwal in /Users/yashagarwal/Code/66-Days)
2019-04-03 11:59:48.406  INFO 4988 --- [restartedMain] packages.Application                     : The following profiles are active: dev
2019-04-03 11:59:48.637  INFO 4988 --- [restartedMain] .e.DevToolsPropertyDefaultsPostProcessor : Devtools property defaults active! Set 'spring.devtools.add-properties' to 'false' to disable
2019-04-03 11:59:48.637  INFO 4988 --- [restartedMain] .e.DevToolsPropertyDefaultsPostProcessor : For additional web related logging consider setting the 'logging.level.web' property to 'DEBUG'
2019-04-03 11:59:50.656  INFO 4988 --- [restartedMain] .s.d.r.c.RepositoryConfigurationDelegate : Bootstrapping Spring Data repositories in DEFAULT mode.
2019-04-03 11:59:50.838  INFO 4988 --- [restartedMain] .s.d.r.c.RepositoryConfigurationDelegate : Finished Spring Data repository scanning in 152ms. Found 3 repository interfaces.
2019-04-03 11:59:51.808  INFO 4988 --- [restartedMain] trationDelegate$BeanPostProcessorChecker : Bean 'org.springframework.transaction.annotation.ProxyTransactionManagementConfiguration' of type [org.springframework.transaction.annotation.ProxyTransactionManagementConfiguration$$EnhancerBySpringCGLIB$$58370339] is not eligible for getting processed by all BeanPostProcessors (for example: not eligible for auto-proxying)
2019-04-03 11:59:53.049  INFO 4988 --- [restartedMain] o.s.b.w.embedded.tomcat.TomcatWebServer  : Tomcat initialized with port(s): 8080 (http)
2019-04-03 11:59:53.102  INFO 4988 --- [restartedMain] o.apache.catalina.core.StandardService   : Starting service [Tomcat]
2019-04-03 11:59:53.103  INFO 4988 --- [restartedMain] org.apache.catalina.core.StandardEngine  : Starting Servlet Engine: Apache Tomcat/9.0.12
2019-04-03 11:59:53.126  INFO 4988 --- [restartedMain] o.a.catalina.core.AprLifecycleListener   : The APR based Apache Tomcat Native library which allows optimal performance in production environments was not found on the java.library.path: [/Users/yashagarwal/Library/Java/Extensions:/Library/Java/Extensions:/Network/Library/Java/Extensions:/System/Library/Java/Extensions:/usr/lib/java:.]
2019-04-03 11:59:53.385  INFO 4988 --- [restartedMain] o.a.c.c.C.[Tomcat].[localhost].[/]       : Initializing Spring embedded WebApplicationContext
2019-04-03 11:59:53.387 DEBUG 4988 --- [restartedMain] o.s.web.context.ContextLoader            : Published root WebApplicationContext as ServletContext attribute with name [org.springframework.web.context.WebApplicationContext.ROOT]
2019-04-03 11:59:53.389  INFO 4988 --- [restartedMain] o.s.web.context.ContextLoader            : Root WebApplicationContext: initialization completed in 4751 ms
2019-04-03 11:59:53.469  INFO 4988 --- [restartedMain] o.s.b.w.servlet.FilterRegistrationBean   : Mapping filter: 'characterEncodingFilter' to: [/*]
2019-04-03 11:59:53.469  INFO 4988 --- [restartedMain] o.s.b.w.servlet.FilterRegistrationBean   : Mapping filter: 'hiddenHttpMethodFilter' to: [/*]
2019-04-03 11:59:53.469  INFO 4988 --- [restartedMain] o.s.b.w.servlet.FilterRegistrationBean   : Mapping filter: 'formContentFilter' to: [/*]
2019-04-03 11:59:53.470  INFO 4988 --- [restartedMain] o.s.b.w.servlet.FilterRegistrationBean   : Mapping filter: 'requestContextFilter' to: [/*]
2019-04-03 11:59:53.472  INFO 4988 --- [restartedMain] .s.DelegatingFilterProxyRegistrationBean : Mapping filter: 'springSecurityFilterChain' to: [/*]
2019-04-03 11:59:53.473  INFO 4988 --- [restartedMain] o.s.b.w.servlet.ServletRegistrationBean  : Servlet dispatcherServlet mapped to [/]
2019-04-03 11:59:53.961  INFO 4988 --- [restartedMain] com.zaxxer.hikari.HikariDataSource       : HikariPool-1 - Starting...
2019-04-03 11:59:53.974  WARN 4988 --- [restartedMain] com.zaxxer.hikari.util.DriverDataSource  : Registered driver with driverClassName=com.mysql.jdbc.Driver was not found, trying direct instantiation.
2019-04-03 11:59:54.905  INFO 4988 --- [restartedMain] com.zaxxer.hikari.HikariDataSource       : HikariPool-1 - Start completed.
2019-04-03 11:59:55.111  INFO 4988 --- [restartedMain] o.hibernate.jpa.internal.util.LogHelper  : HHH000204: Processing PersistenceUnitInfo [
	name: default
	...]
2019-04-03 11:59:55.482  INFO 4988 --- [restartedMain] org.hibernate.Version                    : HHH000412: Hibernate Core {5.3.7.Final}
2019-04-03 11:59:55.487  INFO 4988 --- [restartedMain] org.hibernate.cfg.Environment            : HHH000206: hibernate.properties not found
2019-04-03 11:59:56.178  INFO 4988 --- [restartedMain] o.hibernate.annotations.common.Version   : HCANN000001: Hibernate Commons Annotations {5.0.4.Final}
2019-04-03 11:59:56.721  INFO 4988 --- [restartedMain] org.hibernate.dialect.Dialect            : HHH000400: Using dialect: org.hibernate.dialect.MySQL5Dialect
2019-04-03 11:59:58.798  INFO 4988 --- [restartedMain] j.LocalContainerEntityManagerFactoryBean : Initialized JPA EntityManagerFactory for persistence unit 'default'
2019-04-03 11:59:58.831  INFO 4988 --- [restartedMain] o.s.b.d.a.OptionalLiveReloadServer       : LiveReload server is running on port 35729
2019-04-03 12:00:00.072  WARN 4988 --- [restartedMain] o.s.security.core.userdetails.User       : User.withDefaultPasswordEncoder() is considered unsafe for production and is only intended for sample applications.
2019-04-03 12:00:00.669  INFO 4988 --- [restartedMain] o.s.s.web.DefaultSecurityFilterChain     : Creating filter chain: any request, [org.springframework.security.web.context.request.async.WebAsyncManagerIntegrationFilter@6dd2424c, org.springframework.security.web.context.SecurityContextPersistenceFilter@70d197ac, org.springframework.security.web.header.HeaderWriterFilter@70ef8ecc, org.springframework.security.web.csrf.CsrfFilter@6265be60, org.springframework.security.web.authentication.logout.LogoutFilter@275eaf70, org.springframework.security.web.authentication.UsernamePasswordAuthenticationFilter@1601f664, org.springframework.security.web.savedrequest.RequestCacheAwareFilter@4815ef82, org.springframework.security.web.servletapi.SecurityContextHolderAwareRequestFilter@617c429c, org.springframework.security.web.authentication.AnonymousAuthenticationFilter@afde8fc, org.springframework.security.web.session.SessionManagementFilter@6b68efda, org.springframework.security.web.access.ExceptionTranslationFilter@7c51b52e, org.springframework.security.web.access.intercept.FilterSecurityInterceptor@1834884f]
2019-04-03 12:00:00.818 DEBUG 4988 --- [restartedMain] o.s.w.s.handler.SimpleUrlHandlerMapping  : Patterns [/**/favicon.ico] in 'faviconHandlerMapping'
2019-04-03 12:00:01.147  INFO 4988 --- [restartedMain] o.s.s.concurrent.ThreadPoolTaskExecutor  : Initializing ExecutorService 'applicationTaskExecutor'
2019-04-03 12:00:01.169 DEBUG 4988 --- [restartedMain] s.w.s.m.m.a.RequestMappingHandlerAdapter : ControllerAdvice beans: 0 @ModelAttribute, 0 @InitBinder, 1 RequestBodyAdvice, 1, ResponseBodyAdvice
2019-04-03 12:00:01.275  WARN 4988 --- [restartedMain] aWebConfiguration$JpaWebMvcConfiguration : spring.jpa.open-in-view is enabled by default. Therefore, database queries may be performed during view rendering. Explicitly configure spring.jpa.open-in-view to disable this warning
2019-04-03 12:00:01.353 DEBUG 4988 --- [restartedMain] s.w.s.m.m.a.RequestMappingHandlerMapping : 18 mappings in 'requestMappingHandlerMapping'
2019-04-03 12:00:01.376 DEBUG 4988 --- [restartedMain] o.s.w.s.handler.SimpleUrlHandlerMapping  : Patterns [/, /index, /login, /legal, /course-editor, /dashboard, /whitelist] in 'viewControllerHandlerMapping'
2019-04-03 12:00:01.396 DEBUG 4988 --- [restartedMain] o.s.w.s.handler.SimpleUrlHandlerMapping  : Patterns [/webjars/**, /**] in 'resourceHandlerMapping'
2019-04-03 12:00:01.424 DEBUG 4988 --- [restartedMain] .m.m.a.ExceptionHandlerExceptionResolver : ControllerAdvice beans: 0 @ExceptionHandler, 1 ResponseBodyAdvice
2019-04-03 12:00:01.602  INFO 4988 --- [restartedMain] o.s.b.a.w.s.WelcomePageHandlerMapping    : Adding welcome page template: index
2019-04-03 12:00:02.079  INFO 4988 --- [restartedMain] o.s.b.w.embedded.tomcat.TomcatWebServer  : Tomcat started on port(s): 8080 (http) with context path ''
2019-04-03 12:00:02.084  INFO 4988 --- [restartedMain] packages.Application                     : Started Application in 15.417 seconds (JVM running for 17.352)
2019-04-03 12:01:52.785  INFO 4988 --- [Thread-9] o.s.s.concurrent.ThreadPoolTaskExecutor  : Shutting down ExecutorService 'applicationTaskExecutor'
2019-04-03 12:01:52.786  INFO 4988 --- [Thread-9] j.LocalContainerEntityManagerFactoryBean : Closing JPA EntityManagerFactory for persistence unit 'default'
2019-04-03 12:01:52.790  INFO 4988 --- [Thread-9] com.zaxxer.hikari.HikariDataSource       : HikariPool-1 - Shutdown initiated...
2019-04-03 12:01:52.805  INFO 4988 --- [Thread-9] com.zaxxer.hikari.HikariDataSource       : HikariPool-1 - Shutdown completed.
2019-04-03 12:01:57.616  INFO 5020 --- [restartedMain] packages.Application                     : Starting Application on eduroam-121-8.nomadic.bris.ac.uk with PID 5020 (/Users/yashagarwal/Code/66-Days/target/classes started by yashagarwal in /Users/yashagarwal/Code/66-Days)
2019-04-03 12:01:57.621  INFO 5020 --- [restartedMain] packages.Application                     : The following profiles are active: dev
2019-04-03 12:01:57.905  INFO 5020 --- [restartedMain] .e.DevToolsPropertyDefaultsPostProcessor : Devtools property defaults active! Set 'spring.devtools.add-properties' to 'false' to disable
2019-04-03 12:01:57.905  INFO 5020 --- [restartedMain] .e.DevToolsPropertyDefaultsPostProcessor : For additional web related logging consider setting the 'logging.level.web' property to 'DEBUG'
2019-04-03 12:02:00.485  INFO 5020 --- [restartedMain] .s.d.r.c.RepositoryConfigurationDelegate : Bootstrapping Spring Data repositories in DEFAULT mode.
2019-04-03 12:02:00.636  INFO 5020 --- [restartedMain] .s.d.r.c.RepositoryConfigurationDelegate : Finished Spring Data repository scanning in 133ms. Found 3 repository interfaces.
2019-04-03 12:02:01.572  INFO 5020 --- [restartedMain] trationDelegate$BeanPostProcessorChecker : Bean 'org.springframework.transaction.annotation.ProxyTransactionManagementConfiguration' of type [org.springframework.transaction.annotation.ProxyTransactionManagementConfiguration$$EnhancerBySpringCGLIB$$e6e4aeef] is not eligible for getting processed by all BeanPostProcessors (for example: not eligible for auto-proxying)
2019-04-03 12:02:02.611  INFO 5020 --- [restartedMain] o.s.b.w.embedded.tomcat.TomcatWebServer  : Tomcat initialized with port(s): 8080 (http)
2019-04-03 12:02:02.656  INFO 5020 --- [restartedMain] o.apache.catalina.core.StandardService   : Starting service [Tomcat]
2019-04-03 12:02:02.657  INFO 5020 --- [restartedMain] org.apache.catalina.core.StandardEngine  : Starting Servlet Engine: Apache Tomcat/9.0.12
2019-04-03 12:02:02.676  INFO 5020 --- [restartedMain] o.a.catalina.core.AprLifecycleListener   : The APR based Apache Tomcat Native library which allows optimal performance in production environments was not found on the java.library.path: [/Users/yashagarwal/Library/Java/Extensions:/Library/Java/Extensions:/Network/Library/Java/Extensions:/System/Library/Java/Extensions:/usr/lib/java:.]
2019-04-03 12:02:02.942  INFO 5020 --- [restartedMain] o.a.c.c.C.[Tomcat].[localhost].[/]       : Initializing Spring embedded WebApplicationContext
2019-04-03 12:02:02.943 DEBUG 5020 --- [restartedMain] o.s.web.context.ContextLoader            : Published root WebApplicationContext as ServletContext attribute with name [org.springframework.web.context.WebApplicationContext.ROOT]
2019-04-03 12:02:02.943  INFO 5020 --- [restartedMain] o.s.web.context.ContextLoader            : Root WebApplicationContext: initialization completed in 5037 ms
2019-04-03 12:02:03.020  INFO 5020 --- [restartedMain] o.s.b.w.servlet.FilterRegistrationBean   : Mapping filter: 'characterEncodingFilter' to: [/*]
2019-04-03 12:02:03.020  INFO 5020 --- [restartedMain] o.s.b.w.servlet.FilterRegistrationBean   : Mapping filter: 'hiddenHttpMethodFilter' to: [/*]
2019-04-03 12:02:03.021  INFO 5020 --- [restartedMain] o.s.b.w.servlet.FilterRegistrationBean   : Mapping filter: 'formContentFilter' to: [/*]
2019-04-03 12:02:03.021  INFO 5020 --- [restartedMain] o.s.b.w.servlet.FilterRegistrationBean   : Mapping filter: 'requestContextFilter' to: [/*]
2019-04-03 12:02:03.021  INFO 5020 --- [restartedMain] .s.DelegatingFilterProxyRegistrationBean : Mapping filter: 'springSecurityFilterChain' to: [/*]
2019-04-03 12:02:03.022  INFO 5020 --- [restartedMain] o.s.b.w.servlet.ServletRegistrationBean  : Servlet dispatcherServlet mapped to [/]
2019-04-03 12:02:03.403  INFO 5020 --- [restartedMain] com.zaxxer.hikari.HikariDataSource       : HikariPool-1 - Starting...
2019-04-03 12:02:03.410  WARN 5020 --- [restartedMain] com.zaxxer.hikari.util.DriverDataSource  : Registered driver with driverClassName=com.mysql.jdbc.Driver was not found, trying direct instantiation.
2019-04-03 12:02:04.139  INFO 5020 --- [restartedMain] com.zaxxer.hikari.HikariDataSource       : HikariPool-1 - Start completed.
2019-04-03 12:02:04.502  INFO 5020 --- [restartedMain] o.hibernate.jpa.internal.util.LogHelper  : HHH000204: Processing PersistenceUnitInfo [
	name: default
	...]
2019-04-03 12:02:04.761  INFO 5020 --- [restartedMain] org.hibernate.Version                    : HHH000412: Hibernate Core {5.3.7.Final}
2019-04-03 12:02:04.795  INFO 5020 --- [restartedMain] org.hibernate.cfg.Environment            : HHH000206: hibernate.properties not found
2019-04-03 12:02:05.368  INFO 5020 --- [restartedMain] o.hibernate.annotations.common.Version   : HCANN000001: Hibernate Commons Annotations {5.0.4.Final}
2019-04-03 12:02:05.778  INFO 5020 --- [restartedMain] org.hibernate.dialect.Dialect            : HHH000400: Using dialect: org.hibernate.dialect.MySQL5Dialect
2019-04-03 12:02:06.976  INFO 5020 --- [restartedMain] j.LocalContainerEntityManagerFactoryBean : Initialized JPA EntityManagerFactory for persistence unit 'default'
2019-04-03 12:02:07.019  INFO 5020 --- [restartedMain] o.s.b.d.a.OptionalLiveReloadServer       : LiveReload server is running on port 35729
2019-04-03 12:02:08.107  WARN 5020 --- [restartedMain] o.s.security.core.userdetails.User       : User.withDefaultPasswordEncoder() is considered unsafe for production and is only intended for sample applications.
2019-04-03 12:02:08.732  INFO 5020 --- [restartedMain] o.s.s.web.DefaultSecurityFilterChain     : Creating filter chain: any request, [org.springframework.security.web.context.request.async.WebAsyncManagerIntegrationFilter@30b97f63, org.springframework.security.web.context.SecurityContextPersistenceFilter@71c67b91, org.springframework.security.web.header.HeaderWriterFilter@39a43ec2, org.springframework.security.web.csrf.CsrfFilter@2f0bf491, org.springframework.security.web.authentication.logout.LogoutFilter@292c1d63, org.springframework.security.web.authentication.UsernamePasswordAuthenticationFilter@73e1c2f7, org.springframework.security.web.savedrequest.RequestCacheAwareFilter@2456176f, org.springframework.security.web.servletapi.SecurityContextHolderAwareRequestFilter@23d0b87e, org.springframework.security.web.authentication.AnonymousAuthenticationFilter@515b8817, org.springframework.security.web.session.SessionManagementFilter@78072f0d, org.springframework.security.web.access.ExceptionTranslationFilter@1c52e45, org.springframework.security.web.access.intercept.FilterSecurityInterceptor@2acb77be]
2019-04-03 12:02:08.829 DEBUG 5020 --- [restartedMain] o.s.w.s.handler.SimpleUrlHandlerMapping  : Patterns [/**/favicon.ico] in 'faviconHandlerMapping'
2019-04-03 12:02:09.105  INFO 5020 --- [restartedMain] o.s.s.concurrent.ThreadPoolTaskExecutor  : Initializing ExecutorService 'applicationTaskExecutor'
2019-04-03 12:02:09.124 DEBUG 5020 --- [restartedMain] s.w.s.m.m.a.RequestMappingHandlerAdapter : ControllerAdvice beans: 0 @ModelAttribute, 0 @InitBinder, 1 RequestBodyAdvice, 1, ResponseBodyAdvice
2019-04-03 12:02:09.205  WARN 5020 --- [restartedMain] aWebConfiguration$JpaWebMvcConfiguration : spring.jpa.open-in-view is enabled by default. Therefore, database queries may be performed during view rendering. Explicitly configure spring.jpa.open-in-view to disable this warning
2019-04-03 12:02:09.267 DEBUG 5020 --- [restartedMain] s.w.s.m.m.a.RequestMappingHandlerMapping : 18 mappings in 'requestMappingHandlerMapping'
2019-04-03 12:02:09.277 DEBUG 5020 --- [restartedMain] o.s.w.s.handler.SimpleUrlHandlerMapping  : Patterns [/, /index, /login, /legal, /course-editor, /dashboard, /whitelist] in 'viewControllerHandlerMapping'
2019-04-03 12:02:09.291 DEBUG 5020 --- [restartedMain] o.s.w.s.handler.SimpleUrlHandlerMapping  : Patterns [/webjars/**, /**] in 'resourceHandlerMapping'
2019-04-03 12:02:09.306 DEBUG 5020 --- [restartedMain] .m.m.a.ExceptionHandlerExceptionResolver : ControllerAdvice beans: 0 @ExceptionHandler, 1 ResponseBodyAdvice
2019-04-03 12:02:09.456  INFO 5020 --- [restartedMain] o.s.b.a.w.s.WelcomePageHandlerMapping    : Adding welcome page template: index
2019-04-03 12:02:09.879  INFO 5020 --- [restartedMain] o.s.b.w.embedded.tomcat.TomcatWebServer  : Tomcat started on port(s): 8080 (http) with context path ''
2019-04-03 12:02:09.884  INFO 5020 --- [restartedMain] packages.Application                     : Started Application in 13.896 seconds (JVM running for 15.057)
2019-04-03 12:02:12.801  INFO 5020 --- [http-nio-8080-exec-1] o.a.c.c.C.[Tomcat].[localhost].[/]       : Initializing Spring DispatcherServlet 'dispatcherServlet'
2019-04-03 12:02:12.801  INFO 5020 --- [http-nio-8080-exec-1] o.s.web.servlet.DispatcherServlet        : Initializing Servlet 'dispatcherServlet'
2019-04-03 12:02:12.801 DEBUG 5020 --- [http-nio-8080-exec-1] o.s.web.servlet.DispatcherServlet        : Detected StandardServletMultipartResolver
2019-04-03 12:02:12.819 DEBUG 5020 --- [http-nio-8080-exec-1] o.s.web.servlet.DispatcherServlet        : enableLoggingRequestDetails='false': request parameters and headers will be masked to prevent unsafe logging of potentially sensitive data
2019-04-03 12:02:12.819  INFO 5020 --- [http-nio-8080-exec-1] o.s.web.servlet.DispatcherServlet        : Completed initialization in 18 ms
2019-04-03 12:02:12.869 DEBUG 5020 --- [http-nio-8080-exec-1] o.s.web.servlet.DispatcherServlet        : GET "/", parameters={}
2019-04-03 12:02:12.886 DEBUG 5020 --- [http-nio-8080-exec-1] o.s.w.s.handler.SimpleUrlHandlerMapping  : Mapped to ParameterizableViewController [view="index"]
2019-04-03 12:02:12.902 DEBUG 5020 --- [http-nio-8080-exec-1] o.s.w.s.v.ContentNegotiatingViewResolver : Selected 'text/html' given [text/html, application/xhtml+xml, application/xml;q=0.9, */*;q=0.8]
2019-04-03 12:02:13.658 DEBUG 5020 --- [http-nio-8080-exec-1] o.s.web.servlet.DispatcherServlet        : Completed 200 OK
2019-04-03 12:02:15.582 DEBUG 5020 --- [http-nio-8080-exec-2] o.s.web.servlet.DispatcherServlet        : GET "/login", parameters={}
2019-04-03 12:02:15.586 DEBUG 5020 --- [http-nio-8080-exec-2] o.s.w.s.handler.SimpleUrlHandlerMapping  : Mapped to ParameterizableViewController [view="login"]
2019-04-03 12:02:15.588 DEBUG 5020 --- [http-nio-8080-exec-2] o.s.w.s.v.ContentNegotiatingViewResolver : Selected 'text/html' given [text/html, application/xhtml+xml, application/xml;q=0.9, */*;q=0.8]
2019-04-03 12:02:15.640 DEBUG 5020 --- [http-nio-8080-exec-2] o.s.web.servlet.DispatcherServlet        : Completed 200 OK
2019-04-03 12:02:20.244 DEBUG 5020 --- [http-nio-8080-exec-4] o.s.web.servlet.DispatcherServlet        : GET "/", parameters={}
2019-04-03 12:02:20.246 DEBUG 5020 --- [http-nio-8080-exec-4] o.s.w.s.handler.SimpleUrlHandlerMapping  : Mapped to ParameterizableViewController [view="index"]
2019-04-03 12:02:20.281 DEBUG 5020 --- [http-nio-8080-exec-4] o.s.w.s.v.ContentNegotiatingViewResolver : Selected 'text/html' given [text/html, application/xhtml+xml, application/xml;q=0.9, */*;q=0.8]
2019-04-03 12:02:20.308 DEBUG 5020 --- [http-nio-8080-exec-4] o.s.web.servlet.DispatcherServlet        : Completed 200 OK
2019-04-03 12:02:21.976 DEBUG 5020 --- [http-nio-8080-exec-5] o.s.web.servlet.DispatcherServlet        : GET "/whitelist", parameters={}
2019-04-03 12:02:21.978 DEBUG 5020 --- [http-nio-8080-exec-5] s.w.s.m.m.a.RequestMappingHandlerMapping : Mapped to public java.lang.String packages.controllers.whitelistController.whitelist(org.springframework.ui.Model)
2019-04-03 12:02:22.114  INFO 5020 --- [http-nio-8080-exec-5] o.h.h.i.QueryTranslatorFactoryInitiator  : HHH000397: Using ASTQueryTranslatorFactory
2019-04-03 12:02:22.410 DEBUG 5020 --- [http-nio-8080-exec-5] o.s.w.s.v.ContentNegotiatingViewResolver : Selected 'text/html' given [text/html, application/xhtml+xml, application/xml;q=0.9, */*;q=0.8]
2019-04-03 12:02:22.447 DEBUG 5020 --- [http-nio-8080-exec-5] o.s.web.servlet.DispatcherServlet        : Completed 200 OK
2019-04-03 12:02:30.870 DEBUG 5020 --- [http-nio-8080-exec-6] o.s.web.servlet.DispatcherServlet        : GET "/course-editor", parameters={}
2019-04-03 12:02:30.871 DEBUG 5020 --- [http-nio-8080-exec-6] s.w.s.m.m.a.RequestMappingHandlerMapping : Mapped to public org.springframework.web.servlet.ModelAndView packages.controllers.courseEditorController.courseEditor()
2019-04-03 12:02:30.891 DEBUG 5020 --- [http-nio-8080-exec-6] o.s.w.s.v.ContentNegotiatingViewResolver : Selected 'text/html' given [text/html, application/xhtml+xml, application/xml;q=0.9, */*;q=0.8]
2019-04-03 12:02:30.926 DEBUG 5020 --- [http-nio-8080-exec-6] o.s.web.servlet.DispatcherServlet        : Completed 200 OK
2019-04-03 12:02:30.960 DEBUG 5020 --- [http-nio-8080-exec-7] o.s.web.servlet.DispatcherServlet        : GET "/css/course-editor.css", parameters={}
2019-04-03 12:02:30.964 DEBUG 5020 --- [http-nio-8080-exec-8] o.s.web.servlet.DispatcherServlet        : GET "/js/course-editor.js", parameters={}
2019-04-03 12:02:30.965 DEBUG 5020 --- [http-nio-8080-exec-7] o.s.w.s.handler.SimpleUrlHandlerMapping  : Mapped to ResourceHttpRequestHandler ["classpath:/META-INF/resources/", "classpath:/resources/", "classpath:/static/", "classpath:/public/", "/"]
2019-04-03 12:02:30.966 DEBUG 5020 --- [http-nio-8080-exec-8] o.s.w.s.handler.SimpleUrlHandlerMapping  : Mapped to ResourceHttpRequestHandler ["classpath:/META-INF/resources/", "classpath:/resources/", "classpath:/static/", "classpath:/public/", "/"]
2019-04-03 12:02:30.980 DEBUG 5020 --- [http-nio-8080-exec-7] o.s.web.servlet.DispatcherServlet        : Completed 200 OK
2019-04-03 12:02:30.979 DEBUG 5020 --- [http-nio-8080-exec-8] o.s.web.servlet.DispatcherServlet        : Completed 200 OK
2019-04-03 12:02:54.720 DEBUG 5020 --- [http-nio-8080-exec-9] o.s.web.servlet.DispatcherServlet        : GET "/whitelist", parameters={}
2019-04-03 12:02:54.721 DEBUG 5020 --- [http-nio-8080-exec-9] s.w.s.m.m.a.RequestMappingHandlerMapping : Mapped to public java.lang.String packages.controllers.whitelistController.whitelist(org.springframework.ui.Model)
2019-04-03 12:02:54.727 DEBUG 5020 --- [http-nio-8080-exec-9] o.s.w.s.v.ContentNegotiatingViewResolver : Selected 'text/html' given [text/html, application/xhtml+xml, application/xml;q=0.9, */*;q=0.8]
2019-04-03 12:02:54.742 DEBUG 5020 --- [http-nio-8080-exec-9] o.s.web.servlet.DispatcherServlet        : Completed 200 OK
2019-04-03 12:03:34.188 DEBUG 5020 --- [http-nio-8080-exec-1] o.s.web.servlet.DispatcherServlet        : POST "/whitelist/add-email", parameters={masked}
2019-04-03 12:03:34.192 DEBUG 5020 --- [http-nio-8080-exec-1] s.w.s.m.m.a.RequestMappingHandlerMapping : Mapped to public java.lang.String packages.controllers.whitelistController.addNewUser(java.lang.String,org.springframework.ui.Model,javax.servlet.http.HttpServletRequest)
2019-04-03 12:03:34.332 DEBUG 5020 --- [http-nio-8080-exec-1] o.s.web.servlet.view.RedirectView        : View name 'redirect:http://localhost:8080/whitelist', model {}
2019-04-03 12:03:34.335 DEBUG 5020 --- [http-nio-8080-exec-1] o.s.web.servlet.DispatcherServlet        : Completed 302 FOUND
2019-04-03 12:03:34.343 DEBUG 5020 --- [http-nio-8080-exec-2] o.s.web.servlet.DispatcherServlet        : GET "/whitelist", parameters={}
2019-04-03 12:03:34.344 DEBUG 5020 --- [http-nio-8080-exec-2] s.w.s.m.m.a.RequestMappingHandlerMapping : Mapped to public java.lang.String packages.controllers.whitelistController.whitelist(org.springframework.ui.Model)
2019-04-03 12:03:34.357 DEBUG 5020 --- [http-nio-8080-exec-2] o.s.w.s.v.ContentNegotiatingViewResolver : Selected 'text/html' given [text/html, application/xhtml+xml, application/xml;q=0.9, */*;q=0.8]
2019-04-03 12:03:34.372 DEBUG 5020 --- [http-nio-8080-exec-2] o.s.web.servlet.DispatcherServlet        : Completed 200 OK
2019-04-03 12:03:46.725 DEBUG 5020 --- [http-nio-8080-exec-3] o.s.web.servlet.DispatcherServlet        : POST "/whitelist/add-email", parameters={masked}
2019-04-03 12:03:46.727 DEBUG 5020 --- [http-nio-8080-exec-3] s.w.s.m.m.a.RequestMappingHandlerMapping : Mapped to public java.lang.String packages.controllers.whitelistController.addNewUser(java.lang.String,org.springframework.ui.Model,javax.servlet.http.HttpServletRequest)
2019-04-03 12:03:46.741 DEBUG 5020 --- [http-nio-8080-exec-3] o.s.web.servlet.view.RedirectView        : View name 'redirect:http://localhost:8080/whitelist', model {}
2019-04-03 12:03:46.741 DEBUG 5020 --- [http-nio-8080-exec-3] o.s.web.servlet.DispatcherServlet        : Completed 302 FOUND
2019-04-03 12:03:46.749 DEBUG 5020 --- [http-nio-8080-exec-4] o.s.web.servlet.DispatcherServlet        : GET "/whitelist", parameters={}
2019-04-03 12:03:46.750 DEBUG 5020 --- [http-nio-8080-exec-4] s.w.s.m.m.a.RequestMappingHandlerMapping : Mapped to public java.lang.String packages.controllers.whitelistController.whitelist(org.springframework.ui.Model)
2019-04-03 12:03:46.760 DEBUG 5020 --- [http-nio-8080-exec-4] o.s.w.s.v.ContentNegotiatingViewResolver : Selected 'text/html' given [text/html, application/xhtml+xml, application/xml;q=0.9, */*;q=0.8]
2019-04-03 12:03:46.779 DEBUG 5020 --- [http-nio-8080-exec-4] o.s.web.servlet.DispatcherServlet        : Completed 200 OK
2019-04-03 12:08:30.017 DEBUG 5020 --- [http-nio-8080-exec-6] o.s.web.servlet.DispatcherServlet        : GET "/dashboard", parameters={}
2019-04-03 12:08:30.020 DEBUG 5020 --- [http-nio-8080-exec-6] o.s.w.s.handler.SimpleUrlHandlerMapping  : Mapped to ParameterizableViewController [view="dashboard"]
2019-04-03 12:08:30.021 DEBUG 5020 --- [http-nio-8080-exec-6] o.s.w.s.v.ContentNegotiatingViewResolver : Selected 'text/html' given [text/html, application/xhtml+xml, application/xml;q=0.9, */*;q=0.8]
2019-04-03 12:08:30.031 DEBUG 5020 --- [http-nio-8080-exec-6] o.s.web.servlet.DispatcherServlet        : Completed 200 OK
2019-04-03 12:08:30.063 DEBUG 5020 --- [http-nio-8080-exec-8] o.s.web.servlet.DispatcherServlet        : GET "/js/dashboard.js", parameters={}
2019-04-03 12:08:30.065 DEBUG 5020 --- [http-nio-8080-exec-8] o.s.w.s.handler.SimpleUrlHandlerMapping  : Mapped to ResourceHttpRequestHandler ["classpath:/META-INF/resources/", "classpath:/resources/", "classpath:/static/", "classpath:/public/", "/"]
2019-04-03 12:08:30.069 DEBUG 5020 --- [http-nio-8080-exec-8] o.s.web.servlet.DispatcherServlet        : Completed 200 OK
2019-04-03 12:08:31.355 DEBUG 5020 --- [http-nio-8080-exec-7] o.s.web.servlet.DispatcherServlet        : GET "/course-editor", parameters={}
2019-04-03 12:08:31.356 DEBUG 5020 --- [http-nio-8080-exec-7] s.w.s.m.m.a.RequestMappingHandlerMapping : Mapped to public org.springframework.web.servlet.ModelAndView packages.controllers.courseEditorController.courseEditor()
2019-04-03 12:08:31.361 DEBUG 5020 --- [http-nio-8080-exec-9] o.s.web.servlet.DispatcherServlet        : GET "/css/course-editor.css", parameters={}
2019-04-03 12:08:31.362 DEBUG 5020 --- [http-nio-8080-exec-10] o.s.web.servlet.DispatcherServlet        : GET "/js/course-editor.js", parameters={}
2019-04-03 12:08:31.363 DEBUG 5020 --- [http-nio-8080-exec-9] o.s.w.s.handler.SimpleUrlHandlerMapping  : Mapped to ResourceHttpRequestHandler ["classpath:/META-INF/resources/", "classpath:/resources/", "classpath:/static/", "classpath:/public/", "/"]
2019-04-03 12:08:31.363 DEBUG 5020 --- [http-nio-8080-exec-10] o.s.w.s.handler.SimpleUrlHandlerMapping  : Mapped to ResourceHttpRequestHandler ["classpath:/META-INF/resources/", "classpath:/resources/", "classpath:/static/", "classpath:/public/", "/"]
2019-04-03 12:08:31.369 DEBUG 5020 --- [http-nio-8080-exec-7] o.s.w.s.v.ContentNegotiatingViewResolver : Selected 'text/html' given [text/html, application/xhtml+xml, application/xml;q=0.9, */*;q=0.8]
2019-04-03 12:08:31.368 DEBUG 5020 --- [http-nio-8080-exec-9] o.s.web.servlet.DispatcherServlet        : Completed 200 OK
2019-04-03 12:08:31.368 DEBUG 5020 --- [http-nio-8080-exec-10] o.s.web.servlet.DispatcherServlet        : Completed 200 OK
2019-04-03 12:08:31.386 DEBUG 5020 --- [http-nio-8080-exec-7] o.s.web.servlet.DispatcherServlet        : Completed 200 OK
2019-04-03 12:26:57.173 DEBUG 5020 --- [http-nio-8080-exec-4] o.s.web.servlet.DispatcherServlet        : GET "/course-editor", parameters={}
2019-04-03 12:26:57.174 DEBUG 5020 --- [http-nio-8080-exec-5] o.s.web.servlet.DispatcherServlet        : GET "/css/course-editor.css", parameters={}
2019-04-03 12:26:57.175 DEBUG 5020 --- [http-nio-8080-exec-6] o.s.web.servlet.DispatcherServlet        : GET "/js/course-editor.js", parameters={}
2019-04-03 12:26:57.176 DEBUG 5020 --- [http-nio-8080-exec-5] o.s.w.s.handler.SimpleUrlHandlerMapping  : Mapped to ResourceHttpRequestHandler ["classpath:/META-INF/resources/", "classpath:/resources/", "classpath:/static/", "classpath:/public/", "/"]
2019-04-03 12:26:57.176 DEBUG 5020 --- [http-nio-8080-exec-6] o.s.w.s.handler.SimpleUrlHandlerMapping  : Mapped to ResourceHttpRequestHandler ["classpath:/META-INF/resources/", "classpath:/resources/", "classpath:/static/", "classpath:/public/", "/"]
2019-04-03 12:26:57.176 DEBUG 5020 --- [http-nio-8080-exec-4] s.w.s.m.m.a.RequestMappingHandlerMapping : Mapped to public org.springframework.web.servlet.ModelAndView packages.controllers.courseEditorController.courseEditor()
2019-04-03 12:26:57.180 DEBUG 5020 --- [http-nio-8080-exec-5] o.s.web.servlet.DispatcherServlet        : Completed 200 OK
2019-04-03 12:26:57.181 DEBUG 5020 --- [http-nio-8080-exec-6] o.s.web.servlet.DispatcherServlet        : Completed 200 OK
2019-04-03 12:26:57.189 DEBUG 5020 --- [http-nio-8080-exec-4] o.s.w.s.v.ContentNegotiatingViewResolver : Selected 'text/html' given [text/html, application/xhtml+xml, application/xml;q=0.9, */*;q=0.8]
2019-04-03 12:26:57.205 DEBUG 5020 --- [http-nio-8080-exec-4] o.s.web.servlet.DispatcherServlet        : Completed 200 OK
2019-04-03 12:26:59.157 DEBUG 5020 --- [http-nio-8080-exec-8] o.s.web.servlet.DispatcherServlet        : GET "/dashboard", parameters={}
2019-04-03 12:26:59.157 DEBUG 5020 --- [http-nio-8080-exec-10] o.s.web.servlet.DispatcherServlet        : GET "/js/dashboard.js", parameters={}
2019-04-03 12:26:59.158 DEBUG 5020 --- [http-nio-8080-exec-10] o.s.w.s.handler.SimpleUrlHandlerMapping  : Mapped to ResourceHttpRequestHandler ["classpath:/META-INF/resources/", "classpath:/resources/", "classpath:/static/", "classpath:/public/", "/"]
2019-04-03 12:26:59.159 DEBUG 5020 --- [http-nio-8080-exec-8] o.s.w.s.handler.SimpleUrlHandlerMapping  : Mapped to ParameterizableViewController [view="dashboard"]
2019-04-03 12:26:59.160 DEBUG 5020 --- [http-nio-8080-exec-8] o.s.w.s.v.ContentNegotiatingViewResolver : Selected 'text/html' given [text/html, application/xhtml+xml, application/xml;q=0.9, */*;q=0.8]
2019-04-03 12:26:59.164 DEBUG 5020 --- [http-nio-8080-exec-10] o.s.web.servlet.DispatcherServlet        : Completed 200 OK
2019-04-03 12:26:59.171 DEBUG 5020 --- [http-nio-8080-exec-8] o.s.web.servlet.DispatcherServlet        : Completed 200 OK
2019-04-03 12:27:00.622 DEBUG 5020 --- [http-nio-8080-exec-9] o.s.web.servlet.DispatcherServlet        : GET "/whitelist", parameters={}
2019-04-03 12:27:00.623 DEBUG 5020 --- [http-nio-8080-exec-9] s.w.s.m.m.a.RequestMappingHandlerMapping : Mapped to public java.lang.String packages.controllers.whitelistController.whitelist(org.springframework.ui.Model)
2019-04-03 12:27:00.629 DEBUG 5020 --- [http-nio-8080-exec-9] o.s.w.s.v.ContentNegotiatingViewResolver : Selected 'text/html' given [text/html, application/xhtml+xml, application/xml;q=0.9, */*;q=0.8]
2019-04-03 12:27:00.639 DEBUG 5020 --- [http-nio-8080-exec-9] o.s.web.servlet.DispatcherServlet        : Completed 200 OK
2019-04-03 12:27:47.332 DEBUG 5020 --- [http-nio-8080-exec-1] o.s.web.servlet.DispatcherServlet        : GET "/dashboard", parameters={}
2019-04-03 12:27:47.334 DEBUG 5020 --- [http-nio-8080-exec-2] o.s.web.servlet.DispatcherServlet        : GET "/js/dashboard.js", parameters={}
2019-04-03 12:27:47.334 DEBUG 5020 --- [http-nio-8080-exec-1] o.s.w.s.handler.SimpleUrlHandlerMapping  : Mapped to ParameterizableViewController [view="dashboard"]
2019-04-03 12:27:47.335 DEBUG 5020 --- [http-nio-8080-exec-1] o.s.w.s.v.ContentNegotiatingViewResolver : Selected 'text/html' given [text/html, application/xhtml+xml, application/xml;q=0.9, */*;q=0.8]
2019-04-03 12:27:47.336 DEBUG 5020 --- [http-nio-8080-exec-2] o.s.w.s.handler.SimpleUrlHandlerMapping  : Mapped to ResourceHttpRequestHandler ["classpath:/META-INF/resources/", "classpath:/resources/", "classpath:/static/", "classpath:/public/", "/"]
2019-04-03 12:27:47.341 DEBUG 5020 --- [http-nio-8080-exec-2] o.s.web.servlet.DispatcherServlet        : Completed 200 OK
2019-04-03 12:27:47.345 DEBUG 5020 --- [http-nio-8080-exec-1] o.s.web.servlet.DispatcherServlet        : Completed 200 OK
2019-04-03 12:27:52.818 DEBUG 5020 --- [http-nio-8080-exec-3] o.s.web.servlet.DispatcherServlet        : GET "/whitelist", parameters={}
2019-04-03 12:27:52.819 DEBUG 5020 --- [http-nio-8080-exec-3] s.w.s.m.m.a.RequestMappingHandlerMapping : Mapped to public java.lang.String packages.controllers.whitelistController.whitelist(org.springframework.ui.Model)
2019-04-03 12:27:52.826 DEBUG 5020 --- [http-nio-8080-exec-3] o.s.w.s.v.ContentNegotiatingViewResolver : Selected 'text/html' given [text/html, application/xhtml+xml, application/xml;q=0.9, */*;q=0.8]
2019-04-03 12:27:52.833 DEBUG 5020 --- [http-nio-8080-exec-3] o.s.web.servlet.DispatcherServlet        : Completed 200 OK
2019-04-03 12:28:33.751 DEBUG 5020 --- [http-nio-8080-exec-4] o.s.web.servlet.DispatcherServlet        : GET "/course-editor", parameters={}
2019-04-03 12:28:33.752 DEBUG 5020 --- [http-nio-8080-exec-4] s.w.s.m.m.a.RequestMappingHandlerMapping : Mapped to public org.springframework.web.servlet.ModelAndView packages.controllers.courseEditorController.courseEditor()
2019-04-03 12:28:33.754 DEBUG 5020 --- [http-nio-8080-exec-8] o.s.web.servlet.DispatcherServlet        : GET "/js/course-editor.js", parameters={}
2019-04-03 12:28:33.754 DEBUG 5020 --- [http-nio-8080-exec-10] o.s.web.servlet.DispatcherServlet        : GET "/css/course-editor.css", parameters={}
2019-04-03 12:28:33.755 DEBUG 5020 --- [http-nio-8080-exec-10] o.s.w.s.handler.SimpleUrlHandlerMapping  : Mapped to ResourceHttpRequestHandler ["classpath:/META-INF/resources/", "classpath:/resources/", "classpath:/static/", "classpath:/public/", "/"]
2019-04-03 12:28:33.755 DEBUG 5020 --- [http-nio-8080-exec-8] o.s.w.s.handler.SimpleUrlHandlerMapping  : Mapped to ResourceHttpRequestHandler ["classpath:/META-INF/resources/", "classpath:/resources/", "classpath:/static/", "classpath:/public/", "/"]
2019-04-03 12:28:33.760 DEBUG 5020 --- [http-nio-8080-exec-10] o.s.web.servlet.DispatcherServlet        : Completed 200 OK
2019-04-03 12:28:33.760 DEBUG 5020 --- [http-nio-8080-exec-8] o.s.web.servlet.DispatcherServlet        : Completed 200 OK
2019-04-03 12:28:33.763 DEBUG 5020 --- [http-nio-8080-exec-4] o.s.w.s.v.ContentNegotiatingViewResolver : Selected 'text/html' given [text/html, application/xhtml+xml, application/xml;q=0.9, */*;q=0.8]
2019-04-03 12:28:33.772 DEBUG 5020 --- [http-nio-8080-exec-4] o.s.web.servlet.DispatcherServlet        : Completed 200 OK
2019-04-03 12:28:52.402 DEBUG 5020 --- [http-nio-8080-exec-9] o.s.web.servlet.DispatcherServlet        : GET "/course-editor/add-all-weeks", parameters={}
2019-04-03 12:28:52.403 DEBUG 5020 --- [http-nio-8080-exec-9] s.w.s.m.m.a.RequestMappingHandlerMapping : Mapped to public java.lang.String packages.controllers.courseEditorController.addAllWeeks()
2019-04-03 12:28:52.532 DEBUG 5020 --- [http-nio-8080-exec-9] o.s.web.servlet.view.RedirectView        : View name 'redirect:/course-editor', model {}
2019-04-03 12:28:52.533 DEBUG 5020 --- [http-nio-8080-exec-9] o.s.web.servlet.DispatcherServlet        : Completed 302 FOUND
2019-04-03 12:28:52.539 DEBUG 5020 --- [http-nio-8080-exec-7] o.s.web.servlet.DispatcherServlet        : GET "/course-editor", parameters={}
2019-04-03 12:28:52.540 DEBUG 5020 --- [http-nio-8080-exec-7] s.w.s.m.m.a.RequestMappingHandlerMapping : Mapped to public org.springframework.web.servlet.ModelAndView packages.controllers.courseEditorController.courseEditor()
2019-04-03 12:28:52.551 DEBUG 5020 --- [http-nio-8080-exec-7] o.s.w.s.v.ContentNegotiatingViewResolver : Selected 'text/html' given [text/html, application/xhtml+xml, application/xml;q=0.9, */*;q=0.8]
2019-04-03 12:28:52.567 DEBUG 5020 --- [http-nio-8080-exec-7] o.s.web.servlet.DispatcherServlet        : Completed 200 OK
2019-04-03 12:28:52.589 DEBUG 5020 --- [http-nio-8080-exec-2] o.s.web.servlet.DispatcherServlet        : GET "/css/course-editor.css", parameters={}
2019-04-03 12:28:52.591 DEBUG 5020 --- [http-nio-8080-exec-2] o.s.w.s.handler.SimpleUrlHandlerMapping  : Mapped to ResourceHttpRequestHandler ["classpath:/META-INF/resources/", "classpath:/resources/", "classpath:/static/", "classpath:/public/", "/"]
2019-04-03 12:28:52.592 DEBUG 5020 --- [http-nio-8080-exec-1] o.s.web.servlet.DispatcherServlet        : GET "/js/course-editor.js", parameters={}
2019-04-03 12:28:52.593 DEBUG 5020 --- [http-nio-8080-exec-1] o.s.w.s.handler.SimpleUrlHandlerMapping  : Mapped to ResourceHttpRequestHandler ["classpath:/META-INF/resources/", "classpath:/resources/", "classpath:/static/", "classpath:/public/", "/"]
2019-04-03 12:28:52.600 DEBUG 5020 --- [http-nio-8080-exec-2] o.s.web.servlet.DispatcherServlet        : Completed 200 OK
2019-04-03 12:28:52.602 DEBUG 5020 --- [http-nio-8080-exec-1] o.s.web.servlet.DispatcherServlet        : Completed 200 OK
2019-04-03 12:34:28.793 DEBUG 5020 --- [http-nio-8080-exec-10] o.s.web.servlet.DispatcherServlet        : GET "/course-editor/1", parameters={}
2019-04-03 12:34:28.796 DEBUG 5020 --- [http-nio-8080-exec-10] s.w.s.m.m.a.RequestMappingHandlerMapping : Mapped to public org.springframework.web.servlet.ModelAndView packages.controllers.courseEditorController.editWeek(java.lang.Integer)
2019-04-03 12:34:28.834 DEBUG 5020 --- [http-nio-8080-exec-10] o.s.w.s.v.ContentNegotiatingViewResolver : Selected 'text/html' given [text/html, application/xhtml+xml, application/xml;q=0.9, */*;q=0.8]
2019-04-03 12:34:28.869 DEBUG 5020 --- [http-nio-8080-exec-10] o.s.web.servlet.DispatcherServlet        : Completed 200 OK
2019-04-03 12:34:28.898 DEBUG 5020 --- [http-nio-8080-exec-8] o.s.web.servlet.DispatcherServlet        : GET "/css/course-editor.css", parameters={}
2019-04-03 12:34:28.899 DEBUG 5020 --- [http-nio-8080-exec-8] o.s.w.s.handler.SimpleUrlHandlerMapping  : Mapped to ResourceHttpRequestHandler ["classpath:/META-INF/resources/", "classpath:/resources/", "classpath:/static/", "classpath:/public/", "/"]
2019-04-03 12:34:28.900 DEBUG 5020 --- [http-nio-8080-exec-4] o.s.web.servlet.DispatcherServlet        : GET "/js/course-editor.js", parameters={}
2019-04-03 12:34:28.902 DEBUG 5020 --- [http-nio-8080-exec-4] o.s.w.s.handler.SimpleUrlHandlerMapping  : Mapped to ResourceHttpRequestHandler ["classpath:/META-INF/resources/", "classpath:/resources/", "classpath:/static/", "classpath:/public/", "/"]
2019-04-03 12:34:28.902 DEBUG 5020 --- [http-nio-8080-exec-8] o.s.web.servlet.DispatcherServlet        : Completed 200 OK
2019-04-03 12:34:28.905 DEBUG 5020 --- [http-nio-8080-exec-4] o.s.web.servlet.DispatcherServlet        : Completed 200 OK
2019-04-03 12:34:28.943 DEBUG 5020 --- [http-nio-8080-exec-9] o.s.web.servlet.DispatcherServlet        : GET "/favicon.ico", parameters={}
2019-04-03 12:34:28.943 DEBUG 5020 --- [http-nio-8080-exec-9] o.s.w.s.handler.SimpleUrlHandlerMapping  : Mapped to ResourceHttpRequestHandler [class path resource [META-INF/resources/], class path resource [resources/], class path resource [static/], class path resource [public/], ServletContext resource [/], class path resource []]
2019-04-03 12:34:28.966 DEBUG 5020 --- [http-nio-8080-exec-9] o.s.web.servlet.DispatcherServlet        : Completed 200 OK
2019-04-03 12:34:34.914 DEBUG 5020 --- [http-nio-8080-exec-7] o.s.web.servlet.DispatcherServlet        : GET "/course-editor/5", parameters={}
2019-04-03 12:34:34.915 DEBUG 5020 --- [http-nio-8080-exec-7] s.w.s.m.m.a.RequestMappingHandlerMapping : Mapped to public org.springframework.web.servlet.ModelAndView packages.controllers.courseEditorController.editWeek(java.lang.Integer)
2019-04-03 12:34:34.933 DEBUG 5020 --- [http-nio-8080-exec-7] o.s.w.s.v.ContentNegotiatingViewResolver : Selected 'text/html' given [text/html, application/xhtml+xml, application/xml;q=0.9, */*;q=0.8]
2019-04-03 12:34:34.952 DEBUG 5020 --- [http-nio-8080-exec-7] o.s.web.servlet.DispatcherServlet        : Completed 200 OK
2019-04-03 12:34:34.989 DEBUG 5020 --- [http-nio-8080-exec-2] o.s.web.servlet.DispatcherServlet        : GET "/css/course-editor.css", parameters={}
2019-04-03 12:34:34.990 DEBUG 5020 --- [http-nio-8080-exec-2] o.s.w.s.handler.SimpleUrlHandlerMapping  : Mapped to ResourceHttpRequestHandler ["classpath:/META-INF/resources/", "classpath:/resources/", "classpath:/static/", "classpath:/public/", "/"]
2019-04-03 12:34:34.993 DEBUG 5020 --- [http-nio-8080-exec-2] o.s.web.servlet.DispatcherServlet        : Completed 200 OK
2019-04-03 12:34:34.990 DEBUG 5020 --- [http-nio-8080-exec-1] o.s.web.servlet.DispatcherServlet        : GET "/js/course-editor.js", parameters={}
2019-04-03 12:34:34.994 DEBUG 5020 --- [http-nio-8080-exec-1] o.s.w.s.handler.SimpleUrlHandlerMapping  : Mapped to ResourceHttpRequestHandler ["classpath:/META-INF/resources/", "classpath:/resources/", "classpath:/static/", "classpath:/public/", "/"]
2019-04-03 12:34:34.999 DEBUG 5020 --- [http-nio-8080-exec-1] o.s.web.servlet.DispatcherServlet        : Completed 200 OK
2019-04-03 12:34:35.027 DEBUG 5020 --- [http-nio-8080-exec-3] o.s.web.servlet.DispatcherServlet        : GET "/favicon.ico", parameters={}
2019-04-03 12:34:35.031 DEBUG 5020 --- [http-nio-8080-exec-3] o.s.w.s.handler.SimpleUrlHandlerMapping  : Mapped to ResourceHttpRequestHandler [class path resource [META-INF/resources/], class path resource [resources/], class path resource [static/], class path resource [public/], ServletContext resource [/], class path resource []]
2019-04-03 12:34:35.035 DEBUG 5020 --- [http-nio-8080-exec-3] o.s.web.servlet.DispatcherServlet        : Completed 200 OK
2019-04-03 12:34:36.527 DEBUG 5020 --- [http-nio-8080-exec-5] o.s.web.servlet.DispatcherServlet        : GET "/course-editor/6", parameters={}
2019-04-03 12:34:36.528 DEBUG 5020 --- [http-nio-8080-exec-5] s.w.s.m.m.a.RequestMappingHandlerMapping : Mapped to public org.springframework.web.servlet.ModelAndView packages.controllers.courseEditorController.editWeek(java.lang.Integer)
2019-04-03 12:34:36.544 DEBUG 5020 --- [http-nio-8080-exec-5] o.s.w.s.v.ContentNegotiatingViewResolver : Selected 'text/html' given [text/html, application/xhtml+xml, application/xml;q=0.9, */*;q=0.8]
2019-04-03 12:34:36.561 DEBUG 5020 --- [http-nio-8080-exec-5] o.s.web.servlet.DispatcherServlet        : Completed 200 OK
2019-04-03 12:34:36.593 DEBUG 5020 --- [http-nio-8080-exec-6] o.s.web.servlet.DispatcherServlet        : GET "/css/course-editor.css", parameters={}
2019-04-03 12:34:36.594 DEBUG 5020 --- [http-nio-8080-exec-6] o.s.w.s.handler.SimpleUrlHandlerMapping  : Mapped to ResourceHttpRequestHandler ["classpath:/META-INF/resources/", "classpath:/resources/", "classpath:/static/", "classpath:/public/", "/"]
2019-04-03 12:34:36.598 DEBUG 5020 --- [http-nio-8080-exec-6] o.s.web.servlet.DispatcherServlet        : Completed 200 OK
2019-04-03 12:34:36.600 DEBUG 5020 --- [http-nio-8080-exec-6] o.s.web.servlet.DispatcherServlet        : GET "/js/course-editor.js", parameters={}
2019-04-03 12:34:36.601 DEBUG 5020 --- [http-nio-8080-exec-6] o.s.w.s.handler.SimpleUrlHandlerMapping  : Mapped to ResourceHttpRequestHandler ["classpath:/META-INF/resources/", "classpath:/resources/", "classpath:/static/", "classpath:/public/", "/"]
2019-04-03 12:34:36.604 DEBUG 5020 --- [http-nio-8080-exec-6] o.s.web.servlet.DispatcherServlet        : Completed 200 OK
2019-04-03 12:34:36.631 DEBUG 5020 --- [http-nio-8080-exec-8] o.s.web.servlet.DispatcherServlet        : GET "/favicon.ico", parameters={}
2019-04-03 12:34:36.632 DEBUG 5020 --- [http-nio-8080-exec-8] o.s.w.s.handler.SimpleUrlHandlerMapping  : Mapped to ResourceHttpRequestHandler [class path resource [META-INF/resources/], class path resource [resources/], class path resource [static/], class path resource [public/], ServletContext resource [/], class path resource []]
2019-04-03 12:34:36.634 DEBUG 5020 --- [http-nio-8080-exec-8] o.s.web.servlet.DispatcherServlet        : Completed 200 OK
2019-04-03 12:44:56.316 DEBUG 5020 --- [http-nio-8080-exec-2] o.s.web.servlet.DispatcherServlet        : GET "/course-editor/6", parameters={}
2019-04-03 12:44:56.318 DEBUG 5020 --- [http-nio-8080-exec-2] s.w.s.m.m.a.RequestMappingHandlerMapping : Mapped to public org.springframework.web.servlet.ModelAndView packages.controllers.courseEditorController.editWeek(java.lang.Integer)
2019-04-03 12:44:56.337 DEBUG 5020 --- [http-nio-8080-exec-2] o.s.w.s.v.ContentNegotiatingViewResolver : Selected 'text/html' given [text/html, application/xhtml+xml, application/xml;q=0.9, */*;q=0.8]
2019-04-03 12:44:56.357 DEBUG 5020 --- [http-nio-8080-exec-2] o.s.web.servlet.DispatcherServlet        : Completed 200 OK
2019-04-03 12:44:56.383 DEBUG 5020 --- [http-nio-8080-exec-1] o.s.web.servlet.DispatcherServlet        : GET "/css/course-editor.css", parameters={}
2019-04-03 12:44:56.385 DEBUG 5020 --- [http-nio-8080-exec-1] o.s.w.s.handler.SimpleUrlHandlerMapping  : Mapped to ResourceHttpRequestHandler ["classpath:/META-INF/resources/", "classpath:/resources/", "classpath:/static/", "classpath:/public/", "/"]
2019-04-03 12:44:56.388 DEBUG 5020 --- [http-nio-8080-exec-1] o.s.web.servlet.DispatcherServlet        : Completed 200 OK
2019-04-03 12:44:56.391 DEBUG 5020 --- [http-nio-8080-exec-3] o.s.web.servlet.DispatcherServlet        : GET "/js/course-editor.js", parameters={}
2019-04-03 12:44:56.392 DEBUG 5020 --- [http-nio-8080-exec-3] o.s.w.s.handler.SimpleUrlHandlerMapping  : Mapped to ResourceHttpRequestHandler ["classpath:/META-INF/resources/", "classpath:/resources/", "classpath:/static/", "classpath:/public/", "/"]
2019-04-03 12:44:56.394 DEBUG 5020 --- [http-nio-8080-exec-3] o.s.web.servlet.DispatcherServlet        : Completed 200 OK
2019-04-03 12:56:11.779  INFO 5020 --- [Thread-5] o.s.s.concurrent.ThreadPoolTaskExecutor  : Shutting down ExecutorService 'applicationTaskExecutor'
2019-04-03 12:56:11.781  INFO 5020 --- [Thread-5] j.LocalContainerEntityManagerFactoryBean : Closing JPA EntityManagerFactory for persistence unit 'default'
2019-04-03 12:56:11.783  INFO 5020 --- [Thread-5] com.zaxxer.hikari.HikariDataSource       : HikariPool-1 - Shutdown initiated...
2019-04-03 12:56:11.793  INFO 5020 --- [Thread-5] com.zaxxer.hikari.HikariDataSource       : HikariPool-1 - Shutdown completed.
2019-04-03 12:56:12.163  INFO 5020 --- [restartedMain] packages.Application                     : Starting Application on eduroam-121-8.nomadic.bris.ac.uk with PID 5020 (/Users/yashagarwal/Code/66-Days/target/classes started by yashagarwal in /Users/yashagarwal/Code/66-Days)
2019-04-03 12:56:12.164  INFO 5020 --- [restartedMain] packages.Application                     : The following profiles are active: dev
2019-04-03 12:56:12.512  INFO 5020 --- [restartedMain] .s.d.r.c.RepositoryConfigurationDelegate : Bootstrapping Spring Data repositories in DEFAULT mode.
2019-04-03 12:56:12.533  INFO 5020 --- [restartedMain] .s.d.r.c.RepositoryConfigurationDelegate : Finished Spring Data repository scanning in 20ms. Found 3 repository interfaces.
2019-04-03 12:56:12.654  INFO 5020 --- [restartedMain] trationDelegate$BeanPostProcessorChecker : Bean 'org.springframework.transaction.annotation.ProxyTransactionManagementConfiguration' of type [org.springframework.transaction.annotation.ProxyTransactionManagementConfiguration$$EnhancerBySpringCGLIB$$e6e4aeef] is not eligible for getting processed by all BeanPostProcessors (for example: not eligible for auto-proxying)
2019-04-03 12:56:12.758  INFO 5020 --- [restartedMain] o.s.b.w.embedded.tomcat.TomcatWebServer  : Tomcat initialized with port(s): 8080 (http)
2019-04-03 12:56:12.760  INFO 5020 --- [restartedMain] o.apache.catalina.core.StandardService   : Starting service [Tomcat]
2019-04-03 12:56:12.760  INFO 5020 --- [restartedMain] org.apache.catalina.core.StandardEngine  : Starting Servlet Engine: Apache Tomcat/9.0.12
2019-04-03 12:56:12.787  INFO 5020 --- [restartedMain] o.a.c.c.C.[Tomcat].[localhost].[/]       : Initializing Spring embedded WebApplicationContext
2019-04-03 12:56:12.787 DEBUG 5020 --- [restartedMain] o.s.web.context.ContextLoader            : Published root WebApplicationContext as ServletContext attribute with name [org.springframework.web.context.WebApplicationContext.ROOT]
2019-04-03 12:56:12.788  INFO 5020 --- [restartedMain] o.s.web.context.ContextLoader            : Root WebApplicationContext: initialization completed in 620 ms
2019-04-03 12:56:12.811  INFO 5020 --- [restartedMain] o.s.b.w.servlet.FilterRegistrationBean   : Mapping filter: 'characterEncodingFilter' to: [/*]
2019-04-03 12:56:12.811  INFO 5020 --- [restartedMain] o.s.b.w.servlet.FilterRegistrationBean   : Mapping filter: 'hiddenHttpMethodFilter' to: [/*]
2019-04-03 12:56:12.811  INFO 5020 --- [restartedMain] o.s.b.w.servlet.FilterRegistrationBean   : Mapping filter: 'formContentFilter' to: [/*]
2019-04-03 12:56:12.811  INFO 5020 --- [restartedMain] o.s.b.w.servlet.FilterRegistrationBean   : Mapping filter: 'requestContextFilter' to: [/*]
2019-04-03 12:56:12.812  INFO 5020 --- [restartedMain] .s.DelegatingFilterProxyRegistrationBean : Mapping filter: 'springSecurityFilterChain' to: [/*]
2019-04-03 12:56:12.812  INFO 5020 --- [restartedMain] o.s.b.w.servlet.ServletRegistrationBean  : Servlet dispatcherServlet mapped to [/]
2019-04-03 12:56:12.883  INFO 5020 --- [restartedMain] com.zaxxer.hikari.HikariDataSource       : HikariPool-2 - Starting...
2019-04-03 12:56:12.883  WARN 5020 --- [restartedMain] com.zaxxer.hikari.util.DriverDataSource  : Registered driver with driverClassName=com.mysql.jdbc.Driver was not found, trying direct instantiation.
2019-04-03 12:56:12.898  INFO 5020 --- [restartedMain] com.zaxxer.hikari.HikariDataSource       : HikariPool-2 - Start completed.
2019-04-03 12:56:12.908  INFO 5020 --- [restartedMain] o.hibernate.jpa.internal.util.LogHelper  : HHH000204: Processing PersistenceUnitInfo [
	name: default
	...]
2019-04-03 12:56:12.921  INFO 5020 --- [restartedMain] org.hibernate.dialect.Dialect            : HHH000400: Using dialect: org.hibernate.dialect.MySQL5Dialect
2019-04-03 12:56:13.152  INFO 5020 --- [restartedMain] j.LocalContainerEntityManagerFactoryBean : Initialized JPA EntityManagerFactory for persistence unit 'default'
2019-04-03 12:56:13.165  INFO 5020 --- [restartedMain] o.s.b.d.a.OptionalLiveReloadServer       : LiveReload server is running on port 35729
2019-04-03 12:56:13.351  WARN 5020 --- [restartedMain] o.s.security.core.userdetails.User       : User.withDefaultPasswordEncoder() is considered unsafe for production and is only intended for sample applications.
2019-04-03 12:56:13.473  INFO 5020 --- [restartedMain] o.s.s.web.DefaultSecurityFilterChain     : Creating filter chain: any request, [org.springframework.security.web.context.request.async.WebAsyncManagerIntegrationFilter@624468cf, org.springframework.security.web.context.SecurityContextPersistenceFilter@612f383c, org.springframework.security.web.header.HeaderWriterFilter@2231c6bb, org.springframework.security.web.csrf.CsrfFilter@e1d43df, org.springframework.security.web.authentication.logout.LogoutFilter@7072f0f4, org.springframework.security.web.authentication.UsernamePasswordAuthenticationFilter@4fdbf6e9, org.springframework.security.web.savedrequest.RequestCacheAwareFilter@1dd4282d, org.springframework.security.web.servletapi.SecurityContextHolderAwareRequestFilter@317c2132, org.springframework.security.web.authentication.AnonymousAuthenticationFilter@65580573, org.springframework.security.web.session.SessionManagementFilter@54890f1, org.springframework.security.web.access.ExceptionTranslationFilter@2f1a73bf, org.springframework.security.web.access.intercept.FilterSecurityInterceptor@1efcd105]
2019-04-03 12:56:13.508 DEBUG 5020 --- [restartedMain] o.s.w.s.handler.SimpleUrlHandlerMapping  : Patterns [/**/favicon.ico] in 'faviconHandlerMapping'
2019-04-03 12:56:13.577  INFO 5020 --- [restartedMain] o.s.s.concurrent.ThreadPoolTaskExecutor  : Initializing ExecutorService 'applicationTaskExecutor'
2019-04-03 12:56:13.587 DEBUG 5020 --- [restartedMain] s.w.s.m.m.a.RequestMappingHandlerAdapter : ControllerAdvice beans: 0 @ModelAttribute, 0 @InitBinder, 1 RequestBodyAdvice, 1, ResponseBodyAdvice
2019-04-03 12:56:13.590  WARN 5020 --- [restartedMain] aWebConfiguration$JpaWebMvcConfiguration : spring.jpa.open-in-view is enabled by default. Therefore, database queries may be performed during view rendering. Explicitly configure spring.jpa.open-in-view to disable this warning
2019-04-03 12:56:13.610 DEBUG 5020 --- [restartedMain] s.w.s.m.m.a.RequestMappingHandlerMapping : 19 mappings in 'requestMappingHandlerMapping'
2019-04-03 12:56:13.614 DEBUG 5020 --- [restartedMain] o.s.w.s.handler.SimpleUrlHandlerMapping  : Patterns [/, /index, /login, /legal, /course-editor, /dashboard, /whitelist] in 'viewControllerHandlerMapping'
2019-04-03 12:56:13.620 DEBUG 5020 --- [restartedMain] o.s.w.s.handler.SimpleUrlHandlerMapping  : Patterns [/webjars/**, /**] in 'resourceHandlerMapping'
2019-04-03 12:56:13.632 DEBUG 5020 --- [restartedMain] .m.m.a.ExceptionHandlerExceptionResolver : ControllerAdvice beans: 0 @ExceptionHandler, 1 ResponseBodyAdvice
2019-04-03 12:56:13.664  INFO 5020 --- [restartedMain] o.s.b.a.w.s.WelcomePageHandlerMapping    : Adding welcome page template: index
2019-04-03 12:56:13.779  INFO 5020 --- [restartedMain] o.s.b.w.embedded.tomcat.TomcatWebServer  : Tomcat started on port(s): 8080 (http) with context path ''
2019-04-03 12:56:13.781  INFO 5020 --- [restartedMain] packages.Application                     : Started Application in 1.673 seconds (JVM running for 3258.825)
2019-04-03 12:56:13.785  INFO 5020 --- [restartedMain] .ConditionEvaluationDeltaLoggingListener : Condition evaluation unchanged
2019-04-03 12:57:47.627  INFO 5020 --- [http-nio-8080-exec-1] o.a.c.c.C.[Tomcat].[localhost].[/]       : Initializing Spring DispatcherServlet 'dispatcherServlet'
2019-04-03 12:57:47.628  INFO 5020 --- [http-nio-8080-exec-1] o.s.web.servlet.DispatcherServlet        : Initializing Servlet 'dispatcherServlet'
2019-04-03 12:57:47.629 DEBUG 5020 --- [http-nio-8080-exec-1] o.s.web.servlet.DispatcherServlet        : Detected StandardServletMultipartResolver
2019-04-03 12:57:47.636 DEBUG 5020 --- [http-nio-8080-exec-1] o.s.web.servlet.DispatcherServlet        : enableLoggingRequestDetails='false': request parameters and headers will be masked to prevent unsafe logging of potentially sensitive data
2019-04-03 12:57:47.637  INFO 5020 --- [http-nio-8080-exec-1] o.s.web.servlet.DispatcherServlet        : Completed initialization in 9 ms
2019-04-03 12:57:47.637 DEBUG 5020 --- [http-nio-8080-exec-1] o.s.web.servlet.DispatcherServlet        : GET "/", parameters={}
2019-04-03 12:57:47.638 DEBUG 5020 --- [http-nio-8080-exec-1] o.s.w.s.handler.SimpleUrlHandlerMapping  : Mapped to ParameterizableViewController [view="index"]
2019-04-03 12:57:47.641 DEBUG 5020 --- [http-nio-8080-exec-1] o.s.w.s.v.ContentNegotiatingViewResolver : Selected 'text/html' given [text/html, application/xhtml+xml, application/xml;q=0.9, */*;q=0.8]
2019-04-03 12:57:47.685 DEBUG 5020 --- [http-nio-8080-exec-1] o.s.web.servlet.DispatcherServlet        : Completed 200 OK
2019-04-03 12:57:49.151 DEBUG 5020 --- [http-nio-8080-exec-2] o.s.web.servlet.DispatcherServlet        : GET "/", parameters={}
2019-04-03 12:57:49.152 DEBUG 5020 --- [http-nio-8080-exec-2] o.s.w.s.handler.SimpleUrlHandlerMapping  : Mapped to ParameterizableViewController [view="index"]
2019-04-03 12:57:49.153 DEBUG 5020 --- [http-nio-8080-exec-2] o.s.w.s.v.ContentNegotiatingViewResolver : Selected 'text/html' given [text/html, application/xhtml+xml, application/xml;q=0.9, */*;q=0.8]
2019-04-03 12:57:49.161 DEBUG 5020 --- [http-nio-8080-exec-2] o.s.web.servlet.DispatcherServlet        : Completed 200 OK
2019-04-03 12:57:51.674 DEBUG 5020 --- [http-nio-8080-exec-3] o.s.web.servlet.DispatcherServlet        : GET "/course-editor", parameters={}
2019-04-03 12:57:51.674 DEBUG 5020 --- [http-nio-8080-exec-3] s.w.s.m.m.a.RequestMappingHandlerMapping : Mapped to public org.springframework.web.servlet.ModelAndView packages.controllers.courseEditorController.courseEditor()
2019-04-03 12:57:51.681 DEBUG 5020 --- [http-nio-8080-exec-5] o.s.web.servlet.DispatcherServlet        : GET "/js/course-editor.js", parameters={}
2019-04-03 12:57:51.681 DEBUG 5020 --- [http-nio-8080-exec-4] o.s.web.servlet.DispatcherServlet        : GET "/css/course-editor.css", parameters={}
2019-04-03 12:57:51.684 DEBUG 5020 --- [http-nio-8080-exec-5] o.s.w.s.handler.SimpleUrlHandlerMapping  : Mapped to ResourceHttpRequestHandler ["classpath:/META-INF/resources/", "classpath:/resources/", "classpath:/static/", "classpath:/public/", "/"]
2019-04-03 12:57:51.686 DEBUG 5020 --- [http-nio-8080-exec-5] o.s.web.servlet.DispatcherServlet        : Completed 200 OK
2019-04-03 12:57:51.687 DEBUG 5020 --- [http-nio-8080-exec-4] o.s.w.s.handler.SimpleUrlHandlerMapping  : Mapped to ResourceHttpRequestHandler ["classpath:/META-INF/resources/", "classpath:/resources/", "classpath:/static/", "classpath:/public/", "/"]
2019-04-03 12:57:51.689 DEBUG 5020 --- [http-nio-8080-exec-4] o.s.web.servlet.DispatcherServlet        : Completed 200 OK
2019-04-03 12:57:51.697  INFO 5020 --- [http-nio-8080-exec-3] o.h.h.i.QueryTranslatorFactoryInitiator  : HHH000397: Using ASTQueryTranslatorFactory
2019-04-03 12:57:51.706 DEBUG 5020 --- [http-nio-8080-exec-3] o.s.w.s.v.ContentNegotiatingViewResolver : Selected 'text/html' given [text/html, application/xhtml+xml, application/xml;q=0.9, */*;q=0.8]
2019-04-03 12:57:51.719 DEBUG 5020 --- [http-nio-8080-exec-3] o.s.web.servlet.DispatcherServlet        : Completed 200 OK
2019-04-03 12:57:55.957 DEBUG 5020 --- [http-nio-8080-exec-6] o.s.web.servlet.DispatcherServlet        : GET "/dashboard", parameters={}
2019-04-03 12:57:55.958 DEBUG 5020 --- [http-nio-8080-exec-7] o.s.web.servlet.DispatcherServlet        : GET "/js/dashboard.js", parameters={}
2019-04-03 12:57:55.959 DEBUG 5020 --- [http-nio-8080-exec-6] o.s.w.s.handler.SimpleUrlHandlerMapping  : Mapped to ParameterizableViewController [view="dashboard"]
2019-04-03 12:57:55.959 DEBUG 5020 --- [http-nio-8080-exec-7] o.s.w.s.handler.SimpleUrlHandlerMapping  : Mapped to ResourceHttpRequestHandler ["classpath:/META-INF/resources/", "classpath:/resources/", "classpath:/static/", "classpath:/public/", "/"]
2019-04-03 12:57:55.960 DEBUG 5020 --- [http-nio-8080-exec-6] o.s.w.s.v.ContentNegotiatingViewResolver : Selected 'text/html' given [text/html, application/xhtml+xml, application/xml;q=0.9, */*;q=0.8]
2019-04-03 12:57:55.963 DEBUG 5020 --- [http-nio-8080-exec-7] o.s.web.servlet.DispatcherServlet        : Completed 200 OK
2019-04-03 12:57:55.968 DEBUG 5020 --- [http-nio-8080-exec-6] o.s.web.servlet.DispatcherServlet        : Completed 200 OK
2019-04-03 12:57:59.230 DEBUG 5020 --- [http-nio-8080-exec-8] o.s.web.servlet.DispatcherServlet        : GET "/course-editor", parameters={}
2019-04-03 12:57:59.232 DEBUG 5020 --- [http-nio-8080-exec-9] o.s.web.servlet.DispatcherServlet        : GET "/css/course-editor.css", parameters={}
2019-04-03 12:57:59.233 DEBUG 5020 --- [http-nio-8080-exec-10] o.s.web.servlet.DispatcherServlet        : GET "/js/course-editor.js", parameters={}
2019-04-03 12:57:59.243 DEBUG 5020 --- [http-nio-8080-exec-8] s.w.s.m.m.a.RequestMappingHandlerMapping : Mapped to public org.springframework.web.servlet.ModelAndView packages.controllers.courseEditorController.courseEditor()
2019-04-03 12:57:59.244 DEBUG 5020 --- [http-nio-8080-exec-10] o.s.w.s.handler.SimpleUrlHandlerMapping  : Mapped to ResourceHttpRequestHandler ["classpath:/META-INF/resources/", "classpath:/resources/", "classpath:/static/", "classpath:/public/", "/"]
2019-04-03 12:57:59.244 DEBUG 5020 --- [http-nio-8080-exec-9] o.s.w.s.handler.SimpleUrlHandlerMapping  : Mapped to ResourceHttpRequestHandler ["classpath:/META-INF/resources/", "classpath:/resources/", "classpath:/static/", "classpath:/public/", "/"]
2019-04-03 12:57:59.248 DEBUG 5020 --- [http-nio-8080-exec-10] o.s.web.servlet.DispatcherServlet        : Completed 200 OK
2019-04-03 12:57:59.250 DEBUG 5020 --- [http-nio-8080-exec-9] o.s.web.servlet.DispatcherServlet        : Completed 200 OK
2019-04-03 12:57:59.260 DEBUG 5020 --- [http-nio-8080-exec-8] o.s.w.s.v.ContentNegotiatingViewResolver : Selected 'text/html' given [text/html, application/xhtml+xml, application/xml;q=0.9, */*;q=0.8]
2019-04-03 12:57:59.272 DEBUG 5020 --- [http-nio-8080-exec-8] o.s.web.servlet.DispatcherServlet        : Completed 200 OK
2019-04-03 12:58:22.939 DEBUG 5020 --- [http-nio-8080-exec-2] o.s.web.servlet.DispatcherServlet        : GET "/js/dashboard.js", parameters={}
2019-04-03 12:58:22.939 DEBUG 5020 --- [http-nio-8080-exec-1] o.s.web.servlet.DispatcherServlet        : GET "/dashboard", parameters={}
2019-04-03 12:58:22.941 DEBUG 5020 --- [http-nio-8080-exec-1] o.s.w.s.handler.SimpleUrlHandlerMapping  : Mapped to ParameterizableViewController [view="dashboard"]
2019-04-03 12:58:22.941 DEBUG 5020 --- [http-nio-8080-exec-2] o.s.w.s.handler.SimpleUrlHandlerMapping  : Mapped to ResourceHttpRequestHandler ["classpath:/META-INF/resources/", "classpath:/resources/", "classpath:/static/", "classpath:/public/", "/"]
2019-04-03 12:58:22.942 DEBUG 5020 --- [http-nio-8080-exec-1] o.s.w.s.v.ContentNegotiatingViewResolver : Selected 'text/html' given [text/html, application/xhtml+xml, application/xml;q=0.9, */*;q=0.8]
2019-04-03 12:58:22.944 DEBUG 5020 --- [http-nio-8080-exec-2] o.s.web.servlet.DispatcherServlet        : Completed 200 OK
2019-04-03 12:58:22.949 DEBUG 5020 --- [http-nio-8080-exec-1] o.s.web.servlet.DispatcherServlet        : Completed 200 OK
2019-04-03 12:58:30.348 DEBUG 5020 --- [http-nio-8080-exec-5] o.s.web.servlet.DispatcherServlet        : GET "/dashboard", parameters={}
2019-04-03 12:58:30.348 DEBUG 5020 --- [http-nio-8080-exec-4] o.s.web.servlet.DispatcherServlet        : GET "/js/dashboard.js", parameters={}
2019-04-03 12:58:30.349 DEBUG 5020 --- [http-nio-8080-exec-5] o.s.w.s.handler.SimpleUrlHandlerMapping  : Mapped to ParameterizableViewController [view="dashboard"]
2019-04-03 12:58:30.349 DEBUG 5020 --- [http-nio-8080-exec-4] o.s.w.s.handler.SimpleUrlHandlerMapping  : Mapped to ResourceHttpRequestHandler ["classpath:/META-INF/resources/", "classpath:/resources/", "classpath:/static/", "classpath:/public/", "/"]
2019-04-03 12:58:30.350 DEBUG 5020 --- [http-nio-8080-exec-5] o.s.w.s.v.ContentNegotiatingViewResolver : Selected 'text/html' given [text/html, application/xhtml+xml, application/xml;q=0.9, */*;q=0.8]
2019-04-03 12:58:30.352 DEBUG 5020 --- [http-nio-8080-exec-4] o.s.web.servlet.DispatcherServlet        : Completed 200 OK
2019-04-03 12:58:30.356 DEBUG 5020 --- [http-nio-8080-exec-5] o.s.web.servlet.DispatcherServlet        : Completed 200 OK
2019-04-03 12:58:48.220 DEBUG 5020 --- [http-nio-8080-exec-3] o.s.web.servlet.DispatcherServlet        : GET "/whitelist", parameters={}
2019-04-03 12:58:48.220 DEBUG 5020 --- [http-nio-8080-exec-3] s.w.s.m.m.a.RequestMappingHandlerMapping : Mapped to public java.lang.String packages.controllers.whitelistController.whitelist(org.springframework.ui.Model)
2019-04-03 12:58:48.227 DEBUG 5020 --- [http-nio-8080-exec-3] o.s.w.s.v.ContentNegotiatingViewResolver : Selected 'text/html' given [text/html, application/xhtml+xml, application/xml;q=0.9, */*;q=0.8]
2019-04-03 12:58:48.235 DEBUG 5020 --- [http-nio-8080-exec-3] o.s.web.servlet.DispatcherServlet        : Completed 200 OK
2019-04-03 12:58:50.278 DEBUG 5020 --- [http-nio-8080-exec-6] o.s.web.servlet.DispatcherServlet        : GET "/js/dashboard.js", parameters={}
2019-04-03 12:58:50.278 DEBUG 5020 --- [http-nio-8080-exec-9] o.s.web.servlet.DispatcherServlet        : GET "/dashboard", parameters={}
2019-04-03 12:58:50.279 DEBUG 5020 --- [http-nio-8080-exec-9] o.s.w.s.handler.SimpleUrlHandlerMapping  : Mapped to ParameterizableViewController [view="dashboard"]
2019-04-03 12:58:50.279 DEBUG 5020 --- [http-nio-8080-exec-6] o.s.w.s.handler.SimpleUrlHandlerMapping  : Mapped to ResourceHttpRequestHandler ["classpath:/META-INF/resources/", "classpath:/resources/", "classpath:/static/", "classpath:/public/", "/"]
2019-04-03 12:58:50.280 DEBUG 5020 --- [http-nio-8080-exec-9] o.s.w.s.v.ContentNegotiatingViewResolver : Selected 'text/html' given [text/html, application/xhtml+xml, application/xml;q=0.9, */*;q=0.8]
2019-04-03 12:58:50.282 DEBUG 5020 --- [http-nio-8080-exec-6] o.s.web.servlet.DispatcherServlet        : Completed 200 OK
2019-04-03 12:58:50.287 DEBUG 5020 --- [http-nio-8080-exec-9] o.s.web.servlet.DispatcherServlet        : Completed 200 OK
2019-04-03 12:58:52.304 DEBUG 5020 --- [http-nio-8080-exec-10] o.s.web.servlet.DispatcherServlet        : GET "/web-api/get-engagement/2019/01", parameters={}
2019-04-03 12:58:52.305 DEBUG 5020 --- [http-nio-8080-exec-10] s.w.s.m.m.a.RequestMappingHandlerMapping : Mapped to public java.util.ArrayList<java.lang.Float> packages.controllers.WebAPIController.getUserEngagementFromMonth(java.lang.Integer,java.lang.Integer)
2019-04-03 12:58:52.332 DEBUG 5020 --- [http-nio-8080-exec-10] m.m.a.RequestResponseBodyMethodProcessor : Using 'application/json', given [*/*] and supported [application/json, application/*+json, application/json, application/*+json]
2019-04-03 12:58:52.334 DEBUG 5020 --- [http-nio-8080-exec-10] m.m.a.RequestResponseBodyMethodProcessor : Writing [[0.0, 0.0, 0.0, 0.0, 0.0, 0.0, 0.0, 0.0, 0.0, 0.0, 0.0, 0.0, 0.0, 0.0, 0.0, 0.0, 0.0, 0.0, 0.0, 0.0, 0.0, 0.0, 0.0, 0.0, 0.0, 0.0, 0.0, 0.0, 0.0, 0.0, 0.0, 0.0, 0.0, 0.0, 0.0, 0.0, 0.0, 0.0, 0.0, 0.0, 0.0, 0.0, 0.0, 0.0, 0.0, 0.0, 0.0, 0.0, 0.0, 0.0, 0.0, 0.0, 0.0, 0.0, 0.0, 0.0, 0.0, 0.0, 0.0, 0.0, 0.0, 0.0, 0.0, 0.0, 0.0, 0.0, 0.0, 0.0, 0.0, 0.0]]
2019-04-03 12:58:52.378 DEBUG 5020 --- [http-nio-8080-exec-10] o.s.web.servlet.DispatcherServlet        : Completed 200 OK
2019-04-03 12:59:24.631 DEBUG 5020 --- [http-nio-8080-exec-8] o.s.web.servlet.DispatcherServlet        : GET "/dashboard/reset-user-statistics", parameters={}
2019-04-03 12:59:24.632 DEBUG 5020 --- [http-nio-8080-exec-8] o.s.w.s.handler.SimpleUrlHandlerMapping  : Mapped to ResourceHttpRequestHandler ["classpath:/META-INF/resources/", "classpath:/resources/", "classpath:/static/", "classpath:/public/", "/"]
2019-04-03 12:59:24.633 DEBUG 5020 --- [http-nio-8080-exec-8] o.s.w.s.r.ResourceHttpRequestHandler     : Resource not found
2019-04-03 12:59:24.634 DEBUG 5020 --- [http-nio-8080-exec-8] o.s.web.servlet.DispatcherServlet        : Completed 404 NOT_FOUND
2019-04-03 12:59:24.641 DEBUG 5020 --- [http-nio-8080-exec-8] o.s.web.servlet.DispatcherServlet        : "ERROR" dispatch for GET "/error", parameters={}
2019-04-03 12:59:24.652 DEBUG 5020 --- [http-nio-8080-exec-8] s.w.s.m.m.a.RequestMappingHandlerMapping : Mapped to public org.springframework.web.servlet.ModelAndView org.springframework.boot.autoconfigure.web.servlet.error.BasicErrorController.errorHtml(javax.servlet.http.HttpServletRequest,javax.servlet.http.HttpServletResponse)
2019-04-03 12:59:24.659 DEBUG 5020 --- [http-nio-8080-exec-8] o.s.w.s.v.ContentNegotiatingViewResolver : Selected 'text/html' given [text/html, text/html;q=0.8]
2019-04-03 12:59:24.665 DEBUG 5020 --- [http-nio-8080-exec-8] o.s.web.servlet.DispatcherServlet        : Exiting from "ERROR" dispatch, status 404
2019-04-03 12:59:24.694 DEBUG 5020 --- [http-nio-8080-exec-2] o.s.web.servlet.DispatcherServlet        : GET "/favicon.ico", parameters={}
2019-04-03 12:59:24.694 DEBUG 5020 --- [http-nio-8080-exec-2] o.s.w.s.handler.SimpleUrlHandlerMapping  : Mapped to ResourceHttpRequestHandler [class path resource [META-INF/resources/], class path resource [resources/], class path resource [static/], class path resource [public/], ServletContext resource [/], class path resource []]
2019-04-03 12:59:24.696 DEBUG 5020 --- [http-nio-8080-exec-2] o.s.web.servlet.DispatcherServlet        : Completed 200 OK
2019-04-03 12:59:45.653 DEBUG 5020 --- [http-nio-8080-exec-1] o.s.web.servlet.DispatcherServlet        : GET "/web-api/reset-user-statistics", parameters={}
2019-04-03 12:59:45.653 DEBUG 5020 --- [http-nio-8080-exec-1] s.w.s.m.m.a.RequestMappingHandlerMapping : Mapped to public java.lang.String packages.controllers.WebAPIController.resetUserStatistics()
2019-04-03 12:59:45.688 DEBUG 5020 --- [http-nio-8080-exec-1] m.m.a.RequestResponseBodyMethodProcessor : Using 'text/html', given [text/html, application/xhtml+xml, application/xml;q=0.9, */*;q=0.8] and supported [text/plain, */*, text/plain, */*, application/json, application/*+json, application/json, application/*+json]
2019-04-03 12:59:45.689 DEBUG 5020 --- [http-nio-8080-exec-1] m.m.a.RequestResponseBodyMethodProcessor : Writing ["Successfully reset."]
2019-04-03 12:59:45.691 DEBUG 5020 --- [http-nio-8080-exec-1] o.s.web.servlet.DispatcherServlet        : Completed 200 OK
2019-04-03 12:59:45.713 DEBUG 5020 --- [http-nio-8080-exec-4] o.s.web.servlet.DispatcherServlet        : GET "/favicon.ico", parameters={}
2019-04-03 12:59:45.714 DEBUG 5020 --- [http-nio-8080-exec-4] o.s.w.s.handler.SimpleUrlHandlerMapping  : Mapped to ResourceHttpRequestHandler [class path resource [META-INF/resources/], class path resource [resources/], class path resource [static/], class path resource [public/], ServletContext resource [/], class path resource []]
2019-04-03 12:59:45.716 DEBUG 5020 --- [http-nio-8080-exec-4] o.s.web.servlet.DispatcherServlet        : Completed 200 OK
2019-04-03 12:59:51.479 DEBUG 5020 --- [http-nio-8080-exec-3] o.s.web.servlet.DispatcherServlet        : GET "/web-api/get-engagement/2019/01", parameters={}
2019-04-03 12:59:51.480 DEBUG 5020 --- [http-nio-8080-exec-3] s.w.s.m.m.a.RequestMappingHandlerMapping : Mapped to public java.util.ArrayList<java.lang.Float> packages.controllers.WebAPIController.getUserEngagementFromMonth(java.lang.Integer,java.lang.Integer)
2019-04-03 12:59:51.508 DEBUG 5020 --- [http-nio-8080-exec-3] m.m.a.RequestResponseBodyMethodProcessor : Using 'application/json', given [*/*] and supported [application/json, application/*+json, application/json, application/*+json]
2019-04-03 12:59:51.508 DEBUG 5020 --- [http-nio-8080-exec-3] m.m.a.RequestResponseBodyMethodProcessor : Writing [[1.0, 1.0, 1.0, 0.6666667, 0.33333334, 0.6666667, 0.33333334, 1.6666666, 1.6666666, 1.6666666, 1.3333334, 1.3333334, 1.6666666, 0.6666667, 3.0, 2.5, 1.5, 2.0, 1.5, 2.5, 1.5, 3.0, 1.0, 2.0, 0.0, 2.0, 3.0, 2.0, 0.0, 0.0, 0.0, 0.0, 0.0, 0.0, 0.0, 0.0, 0.0, 0.0, 0.0, 0.0, 0.0, 0.0, 0.0, 0.0, 0.0, 0.0, 0.0, 0.0, 0.0, 0.0, 0.0, 0.0, 0.0, 0.0, 0.0, 0.0, 0.0, 0.0, 0.0, 0.0, 0.0, 0.0, 0.0, 0.0, 0.0, 0.0, 0.0, 0.0, 0.0, 0.0]]
2019-04-03 12:59:51.509 DEBUG 5020 --- [http-nio-8080-exec-3] o.s.web.servlet.DispatcherServlet        : Completed 200 OK
2019-04-03 13:00:05.820 DEBUG 5020 --- [http-nio-8080-exec-7] o.s.web.servlet.DispatcherServlet        : GET "/dashboard", parameters={}
2019-04-03 13:00:05.821 DEBUG 5020 --- [http-nio-8080-exec-7] o.s.w.s.handler.SimpleUrlHandlerMapping  : Mapped to ParameterizableViewController [view="dashboard"]
2019-04-03 13:00:05.822 DEBUG 5020 --- [http-nio-8080-exec-7] o.s.w.s.v.ContentNegotiatingViewResolver : Selected 'text/html' given [text/html, application/xhtml+xml, application/xml;q=0.9, */*;q=0.8]
2019-04-03 13:00:05.823 DEBUG 5020 --- [http-nio-8080-exec-6] o.s.web.servlet.DispatcherServlet        : GET "/js/dashboard.js", parameters={}
2019-04-03 13:00:05.825 DEBUG 5020 --- [http-nio-8080-exec-6] o.s.w.s.handler.SimpleUrlHandlerMapping  : Mapped to ResourceHttpRequestHandler ["classpath:/META-INF/resources/", "classpath:/resources/", "classpath:/static/", "classpath:/public/", "/"]
2019-04-03 13:00:05.827 DEBUG 5020 --- [http-nio-8080-exec-6] o.s.web.servlet.DispatcherServlet        : Completed 200 OK
2019-04-03 13:00:05.830 DEBUG 5020 --- [http-nio-8080-exec-7] o.s.web.servlet.DispatcherServlet        : Completed 200 OK
2019-04-03 13:00:07.188 DEBUG 5020 --- [http-nio-8080-exec-10] o.s.web.servlet.DispatcherServlet        : GET "/css/course-editor.css", parameters={}
2019-04-03 13:00:07.188 DEBUG 5020 --- [http-nio-8080-exec-9] o.s.web.servlet.DispatcherServlet        : GET "/course-editor", parameters={}
2019-04-03 13:00:07.189 DEBUG 5020 --- [http-nio-8080-exec-9] s.w.s.m.m.a.RequestMappingHandlerMapping : Mapped to public org.springframework.web.servlet.ModelAndView packages.controllers.courseEditorController.courseEditor()
2019-04-03 13:00:07.190 DEBUG 5020 --- [http-nio-8080-exec-10] o.s.w.s.handler.SimpleUrlHandlerMapping  : Mapped to ResourceHttpRequestHandler ["classpath:/META-INF/resources/", "classpath:/resources/", "classpath:/static/", "classpath:/public/", "/"]
2019-04-03 13:00:07.193 DEBUG 5020 --- [http-nio-8080-exec-8] o.s.web.servlet.DispatcherServlet        : GET "/js/course-editor.js", parameters={}
2019-04-03 13:00:07.193 DEBUG 5020 --- [http-nio-8080-exec-10] o.s.web.servlet.DispatcherServlet        : Completed 200 OK
2019-04-03 13:00:07.194 DEBUG 5020 --- [http-nio-8080-exec-8] o.s.w.s.handler.SimpleUrlHandlerMapping  : Mapped to ResourceHttpRequestHandler ["classpath:/META-INF/resources/", "classpath:/resources/", "classpath:/static/", "classpath:/public/", "/"]
2019-04-03 13:00:07.197 DEBUG 5020 --- [http-nio-8080-exec-8] o.s.web.servlet.DispatcherServlet        : Completed 200 OK
2019-04-03 13:00:07.199 DEBUG 5020 --- [http-nio-8080-exec-9] o.s.w.s.v.ContentNegotiatingViewResolver : Selected 'text/html' given [text/html, application/xhtml+xml, application/xml;q=0.9, */*;q=0.8]
2019-04-03 13:00:07.209 DEBUG 5020 --- [http-nio-8080-exec-9] o.s.web.servlet.DispatcherServlet        : Completed 200 OK
2019-04-03 13:00:08.638 DEBUG 5020 --- [http-nio-8080-exec-2] o.s.web.servlet.DispatcherServlet        : GET "/whitelist", parameters={}
2019-04-03 13:00:08.639 DEBUG 5020 --- [http-nio-8080-exec-2] s.w.s.m.m.a.RequestMappingHandlerMapping : Mapped to public java.lang.String packages.controllers.whitelistController.whitelist(org.springframework.ui.Model)
2019-04-03 13:00:08.645 DEBUG 5020 --- [http-nio-8080-exec-2] o.s.w.s.v.ContentNegotiatingViewResolver : Selected 'text/html' given [text/html, application/xhtml+xml, application/xml;q=0.9, */*;q=0.8]
2019-04-03 13:00:08.649 DEBUG 5020 --- [http-nio-8080-exec-2] o.s.web.servlet.DispatcherServlet        : Completed 200 OK
